<?xml version="1.0" encoding="UTF-8"?>
<!-- Generated by org.testng.reporters.JUnitReportReporter -->
<testsuite hostname="USHYDEBANBHATT5" name="com.google.search.Test3" tests="2" failures="0" timestamp="11 Aug 2018 14:58:17 GMT" time="0.003" errors="0">
  <testcase name="test" time="0.001" classname="com.google.search.Test3"/>
  <testcase name="test" time="0.002" classname="com.google.search.Test3"/>
</testsuite> <!-- com.google.search.Test3 -->
