<?xml version="1.0" encoding="UTF-8"?>
<!-- Generated by org.testng.reporters.JUnitReportReporter -->
<testsuite hostname="USHYDEBANBHATT5" name="com.google.search.Test1" tests="1" failures="0" timestamp="11 Aug 2018 14:58:17 GMT" time="0.006" errors="0">
  <testcase name="test" time="0.006" classname="com.google.search.Test1"/>
</testsuite> <!-- com.google.search.Test1 -->
